smart_agriculture_sys/app/build/intermediates/manifest_merge_blame_file/debug/manifest-merger-blame-debug-report.txt
1<?xml version="1.0" encoding="utf-8"?>
2<manifest xmlns:android="http://schemas.android.com/apk/res/android"
3    package="com.example.smart_agriculture_sys"
4    android:versionCode="1"
5    android:versionName="1.0" >
6
7    <uses-sdk
8        android:minSdkVersion="21"
8-->src\main\AndroidManifest.xml
9        android:targetSdkVersion="33" />
9-->src\main\AndroidManifest.xml
10
11    <!-- Although the *SdkVersion is captured in gradle build files, this is required for non gradle builds -->
12    <!-- <uses-sdk android:minSdkVersion="14"/> -->
13    <uses-permission android:name="android.permission.ACCESS_NETWORK_STATE" />
13-->[com.google.firebase:firebase-database:20.1.0] AndroidManifest.xml:24:5-79
13-->[com.google.firebase:firebase-database:20.1.0] AndroidManifest.xml:24:22-76
14    <uses-permission android:name="android.permission.INTERNET" />
14-->[com.google.firebase:firebase-database:20.1.0] AndroidManifest.xml:25:5-67
14-->[com.google.firebase:firebase-database:20.1.0] AndroidManifest.xml:25:22-64
15
16    <application
16-->src\main\AndroidManifest.xml:5:5-28:19
17        android:allowBackup="true"
17-->src\main\AndroidManifest.xml:6:9-35
18        android:appComponentFactory="androidx.core.app.CoreComponentFactory"
18-->[androidx.core:core:1.8.0] AndroidManifest.xml:24:18-86
19        android:dataExtractionRules="@xml/data_extraction_rules"
19-->src\main\AndroidManifest.xml:7:9-65
20        android:debuggable="true"
21        android:fullBackupContent="@xml/backup_rules"
21-->src\main\AndroidManifest.xml:8:9-54
22        android:icon="@mipmap/ic_launcher"
22-->src\main\AndroidManifest.xml:9:9-43
23        android:label="@string/app_name"
23-->src\main\AndroidManifest.xml:10:9-41
24        android:roundIcon="@mipmap/ic_launcher_round"
24-->src\main\AndroidManifest.xml:11:9-54
25        android:supportsRtl="true"
25-->src\main\AndroidManifest.xml:12:9-35
26        android:testOnly="true"
27        android:theme="@style/Theme.Smart_agriculture_sys" >
27-->src\main\AndroidManifest.xml:13:9-59
28        <activity
28-->src\main\AndroidManifest.xml:15:9-27:20
29            android:name="com.example.smart_agriculture_sys.MainActivity"
29-->src\main\AndroidManifest.xml:16:13-41
30            android:exported="true" >
30-->src\main\AndroidManifest.xml:17:13-36
31            <intent-filter>
31-->src\main\AndroidManifest.xml:18:13-22:29
32                <action android:name="android.intent.action.MAIN" />
32-->src\main\AndroidManifest.xml:19:17-69
32-->src\main\AndroidManifest.xml:19:25-66
33
34                <category android:name="android.intent.category.LAUNCHER" />
34-->src\main\AndroidManifest.xml:21:17-77
34-->src\main\AndroidManifest.xml:21:27-74
35            </intent-filter>
36
37            <meta-data
37-->src\main\AndroidManifest.xml:24:13-26:36
38                android:name="android.app.lib_name"
38-->src\main\AndroidManifest.xml:25:17-52
39                android:value="" />
39-->src\main\AndroidManifest.xml:26:17-33
40        </activity>
41
42        <service
42-->[com.google.firebase:firebase-database:20.1.0] AndroidManifest.xml:28:9-34:19
43            android:name="com.google.firebase.components.ComponentDiscoveryService"
43-->[com.google.firebase:firebase-database:20.1.0] AndroidManifest.xml:29:13-84
44            android:directBootAware="true"
44-->[com.google.firebase:firebase-common:20.2.0] AndroidManifest.xml:34:13-43
45            android:exported="false" >
45-->[com.google.firebase:firebase-database:20.1.0] AndroidManifest.xml:30:13-37
46            <meta-data
46-->[com.google.firebase:firebase-database:20.1.0] AndroidManifest.xml:31:13-33:85
47                android:name="com.google.firebase.components:com.google.firebase.database.DatabaseRegistrar"
47-->[com.google.firebase:firebase-database:20.1.0] AndroidManifest.xml:32:17-109
48                android:value="com.google.firebase.components.ComponentRegistrar" />
48-->[com.google.firebase:firebase-database:20.1.0] AndroidManifest.xml:33:17-82
49            <meta-data
49-->[com.google.firebase:firebase-storage:20.1.0] AndroidManifest.xml:32:13-34:85
50                android:name="com.google.firebase.components:com.google.firebase.storage.StorageRegistrar"
50-->[com.google.firebase:firebase-storage:20.1.0] AndroidManifest.xml:33:17-107
51                android:value="com.google.firebase.components.ComponentRegistrar" />
51-->[com.google.firebase:firebase-storage:20.1.0] AndroidManifest.xml:34:17-82
52        </service>
53
54        <activity
54-->[com.google.android.gms:play-services-base:18.0.1] AndroidManifest.xml:20:9-22:45
55            android:name="com.google.android.gms.common.api.GoogleApiActivity"
55-->[com.google.android.gms:play-services-base:18.0.1] AndroidManifest.xml:20:19-85
56            android:exported="false"
56-->[com.google.android.gms:play-services-base:18.0.1] AndroidManifest.xml:22:19-43
57            android:theme="@android:style/Theme.Translucent.NoTitleBar" />
57-->[com.google.android.gms:play-services-base:18.0.1] AndroidManifest.xml:21:19-78
58
59        <provider
59-->[com.google.firebase:firebase-common:20.2.0] AndroidManifest.xml:25:9-30:39
60            android:name="com.google.firebase.provider.FirebaseInitProvider"
60-->[com.google.firebase:firebase-common:20.2.0] AndroidManifest.xml:26:13-77
61            android:authorities="com.example.smart_agriculture_sys.firebaseinitprovider"
61-->[com.google.firebase:firebase-common:20.2.0] AndroidManifest.xml:27:13-72
62            android:directBootAware="true"
62-->[com.google.firebase:firebase-common:20.2.0] AndroidManifest.xml:28:13-43
63            android:exported="false"
63-->[com.google.firebase:firebase-common:20.2.0] AndroidManifest.xml:29:13-37
64            android:initOrder="100" />
64-->[com.google.firebase:firebase-common:20.2.0] AndroidManifest.xml:30:13-36
65
66        <meta-data
66-->[com.google.android.gms:play-services-basement:18.1.0] AndroidManifest.xml:21:9-23:69
67            android:name="com.google.android.gms.version"
67-->[com.google.android.gms:play-services-basement:18.1.0] AndroidManifest.xml:22:13-58
68            android:value="@integer/google_play_services_version" />
68-->[com.google.android.gms:play-services-basement:18.1.0] AndroidManifest.xml:23:13-66
69
70        <provider
70-->[androidx.emoji2:emoji2:1.2.0] AndroidManifest.xml:24:9-32:20
71            android:name="androidx.startup.InitializationProvider"
71-->[androidx.emoji2:emoji2:1.2.0] AndroidManifest.xml:25:13-67
72            android:authorities="com.example.smart_agriculture_sys.androidx-startup"
72-->[androidx.emoji2:emoji2:1.2.0] AndroidManifest.xml:26:13-68
73            android:exported="false" >
73-->[androidx.emoji2:emoji2:1.2.0] AndroidManifest.xml:27:13-37
74            <meta-data
74-->[androidx.emoji2:emoji2:1.2.0] AndroidManifest.xml:29:13-31:52
75                android:name="androidx.emoji2.text.EmojiCompatInitializer"
75-->[androidx.emoji2:emoji2:1.2.0] AndroidManifest.xml:30:17-75
76                android:value="androidx.startup" />
76-->[androidx.emoji2:emoji2:1.2.0] AndroidManifest.xml:31:17-49
77            <meta-data
77-->[androidx.lifecycle:lifecycle-process:2.4.1] AndroidManifest.xml:31:13-33:52
78                android:name="androidx.lifecycle.ProcessLifecycleInitializer"
78-->[androidx.lifecycle:lifecycle-process:2.4.1] AndroidManifest.xml:32:17-78
79                android:value="androidx.startup" />
79-->[androidx.lifecycle:lifecycle-process:2.4.1] AndroidManifest.xml:33:17-49
80        </provider>
81    </application>
82
83</manifest>